Determining if the pthread_create exist failed with the following output:
Change Dir: /home/senw/senwang/tum/dia/cmake-build-debug/CMakeFiles/CMakeTmp

Run Build Command:"/usr/bin/make" "cmTC_7fdf8/fast"
/usr/bin/make -f CMakeFiles/cmTC_7fdf8.dir/build.make CMakeFiles/cmTC_7fdf8.dir/build
make[1]: Entering directory '/home/senw/senwang/tum/dia/cmake-build-debug/CMakeFiles/CMakeTmp'
Building C object CMakeFiles/cmTC_7fdf8.dir/CheckSymbolExists.c.o
/usr/lib/ccache/cc   -fPIC    -o CMakeFiles/cmTC_7fdf8.dir/CheckSymbolExists.c.o   -c /home/senw/senwang/tum/dia/cmake-build-debug/CMakeFiles/CMakeTmp/CheckSymbolExists.c
Linking C executable cmTC_7fdf8
/home/senw/Documents/clion-2018.2.6/bin/cmake/linux/bin/cmake -E cmake_link_script CMakeFiles/cmTC_7fdf8.dir/link.txt --verbose=1
/usr/lib/ccache/cc -fPIC     -rdynamic CMakeFiles/cmTC_7fdf8.dir/CheckSymbolExists.c.o  -o cmTC_7fdf8 
CMakeFiles/cmTC_7fdf8.dir/CheckSymbolExists.c.o: In function `main':
CheckSymbolExists.c:(.text+0x1b): undefined reference to `pthread_create'
collect2: error: ld returned 1 exit status
CMakeFiles/cmTC_7fdf8.dir/build.make:86: recipe for target 'cmTC_7fdf8' failed
make[1]: *** [cmTC_7fdf8] Error 1
make[1]: Leaving directory '/home/senw/senwang/tum/dia/cmake-build-debug/CMakeFiles/CMakeTmp'
Makefile:121: recipe for target 'cmTC_7fdf8/fast' failed
make: *** [cmTC_7fdf8/fast] Error 2

File /home/senw/senwang/tum/dia/cmake-build-debug/CMakeFiles/CMakeTmp/CheckSymbolExists.c:
/* */
#include <pthread.h>

int main(int argc, char** argv)
{
  (void)argv;
#ifndef pthread_create
  return ((int*)(&pthread_create))[argc];
#else
  (void)argc;
  return 0;
#endif
}

Determining if the function pthread_create exists in the pthreads failed with the following output:
Change Dir: /home/senw/senwang/tum/dia/cmake-build-debug/CMakeFiles/CMakeTmp

Run Build Command:"/usr/bin/make" "cmTC_752bb/fast"
/usr/bin/make -f CMakeFiles/cmTC_752bb.dir/build.make CMakeFiles/cmTC_752bb.dir/build
make[1]: Entering directory '/home/senw/senwang/tum/dia/cmake-build-debug/CMakeFiles/CMakeTmp'
Building C object CMakeFiles/cmTC_752bb.dir/CheckFunctionExists.c.o
/usr/lib/ccache/cc   -fPIC -DCHECK_FUNCTION_EXISTS=pthread_create   -o CMakeFiles/cmTC_752bb.dir/CheckFunctionExists.c.o   -c /home/senw/Documents/clion-2018.2.6/bin/cmake/linux/share/cmake-3.12/Modules/CheckFunctionExists.c
Linking C executable cmTC_752bb
/home/senw/Documents/clion-2018.2.6/bin/cmake/linux/bin/cmake -E cmake_link_script CMakeFiles/cmTC_752bb.dir/link.txt --verbose=1
/usr/lib/ccache/cc -fPIC -DCHECK_FUNCTION_EXISTS=pthread_create    -rdynamic CMakeFiles/cmTC_752bb.dir/CheckFunctionExists.c.o  -o cmTC_752bb -lpthreads 
/usr/bin/ld: cannot find -lpthreads
collect2: error: ld returned 1 exit status
CMakeFiles/cmTC_752bb.dir/build.make:86: recipe for target 'cmTC_752bb' failed
make[1]: *** [cmTC_752bb] Error 1
make[1]: Leaving directory '/home/senw/senwang/tum/dia/cmake-build-debug/CMakeFiles/CMakeTmp'
Makefile:121: recipe for target 'cmTC_752bb/fast' failed
make: *** [cmTC_752bb/fast] Error 2


